2017/06/23 00:25:37 Usuário jao conectou-se;
2017/06/23 00:25:39 Usuário jao abriu a janela de cadastro de produtos;
2017/06/23 00:26:03 Usuário jao cadastrou o produto Teste no setor Geral;
2017/06/23 00:26:04 Usuário jao fechou a janela de cadastro de produtos;
2017/06/23 00:26:07 Usuário jao abriu a janela de exibir produtos;
2017/06/23 00:26:08 Usuário jao selecionou o setor Geral;
2017/06/23 00:26:12 Usuário jao deletou o produto Teste;
2017/06/23 00:26:14 Usuário jao fechou a janela de exibir produtos;
2017/06/23 00:26:38 Usuário jao desconectou-se;

2017/06/30 19:49:29 java.sql.SQLException: socket creation error
	at org.hsqldb.jdbc.Util.sqlException(Unknown Source)
	at org.hsqldb.jdbc.jdbcConnection.<init>(Unknown Source)
	at org.hsqldb.jdbcDriver.getConnection(Unknown Source)
	at org.hsqldb.jdbcDriver.connect(Unknown Source)
	at java.sql.DriverManager.getConnection(DriverManager.java:664)
	at java.sql.DriverManager.getConnection(DriverManager.java:247)
	at projetoet.escudeiro.utilitarios.Repositorio.getConnection(Repositorio.java:39)
	at projetoet.escudeiro.DAOs.UsuarioDAO.isUser(UsuarioDAO.java:28)
	at projetoet.escudeiro.eventos.UsuarioListener.actionPerformed(UsuarioListener.java:47)
	at javax.swing.AbstractButton.fireActionPerformed(AbstractButton.java:2022)
	at javax.swing.AbstractButton$Handler.actionPerformed(AbstractButton.java:2348)
	at javax.swing.DefaultButtonModel.fireActionPerformed(DefaultButtonModel.java:402)
	at javax.swing.DefaultButtonModel.setPressed(DefaultButtonModel.java:259)
	at javax.swing.plaf.basic.BasicButtonListener.mouseReleased(BasicButtonListener.java:252)
	at java.awt.Component.processMouseEvent(Component.java:6533)
	at javax.swing.JComponent.processMouseEvent(JComponent.java:3324)
	at java.awt.Component.processEvent(Component.java:6298)
	at java.awt.Container.processEvent(Container.java:2236)
	at java.awt.Component.dispatchEventImpl(Component.java:4889)
	at java.awt.Container.dispatchEventImpl(Container.java:2294)
	at java.awt.Component.dispatchEvent(Component.java:4711)
	at java.awt.LightweightDispatcher.retargetMouseEvent(Container.java:4888)
	at java.awt.LightweightDispatcher.processMouseEvent(Container.java:4525)
	at java.awt.LightweightDispatcher.dispatchEvent(Container.java:4466)
	at java.awt.Container.dispatchEventImpl(Container.java:2280)
	at java.awt.Window.dispatchEventImpl(Window.java:2746)
	at java.awt.Component.dispatchEvent(Component.java:4711)
	at java.awt.EventQueue.dispatchEventImpl(EventQueue.java:758)
	at java.awt.EventQueue.access$500(EventQueue.java:97)
	at java.awt.EventQueue$3.run(EventQueue.java:709)
	at java.awt.EventQueue$3.run(EventQueue.java:703)
	at java.security.AccessController.doPrivileged(Native Method)
	at java.security.ProtectionDomain$JavaSecurityAccessImpl.doIntersectionPrivilege(ProtectionDomain.java:76)
	at java.security.ProtectionDomain$JavaSecurityAccessImpl.doIntersectionPrivilege(ProtectionDomain.java:86)
	at java.awt.EventQueue$4.run(EventQueue.java:731)
	at java.awt.EventQueue$4.run(EventQueue.java:729)
	at java.security.AccessController.doPrivileged(Native Method)
	at java.security.ProtectionDomain$JavaSecurityAccessImpl.doIntersectionPrivilege(ProtectionDomain.java:76)
	at java.awt.EventQueue.dispatchEvent(EventQueue.java:728)
	at java.awt.EventDispatchThread.pumpOneEventForFilters(EventDispatchThread.java:201)
	at java.awt.EventDispatchThread.pumpEventsForFilter(EventDispatchThread.java:116)
	at java.awt.EventDispatchThread.pumpEventsForHierarchy(EventDispatchThread.java:105)
	at java.awt.EventDispatchThread.pumpEvents(EventDispatchThread.java:101)
	at java.awt.EventDispatchThread.pumpEvents(EventDispatchThread.java:93)
	at java.awt.EventDispatchThread.run(EventDispatchThread.java:82)

2017/06/30 19:49:29 projetoet.escudeiro.utilitarios.EscudeiroException: socket creation error
	at projetoet.escudeiro.utilitarios.Repositorio.getConnection(Repositorio.java:45)
	at projetoet.escudeiro.DAOs.UsuarioDAO.isUser(UsuarioDAO.java:28)
	at projetoet.escudeiro.eventos.UsuarioListener.actionPerformed(UsuarioListener.java:47)
	at javax.swing.AbstractButton.fireActionPerformed(AbstractButton.java:2022)
	at javax.swing.AbstractButton$Handler.actionPerformed(AbstractButton.java:2348)
	at javax.swing.DefaultButtonModel.fireActionPerformed(DefaultButtonModel.java:402)
	at javax.swing.DefaultButtonModel.setPressed(DefaultButtonModel.java:259)
	at javax.swing.plaf.basic.BasicButtonListener.mouseReleased(BasicButtonListener.java:252)
	at java.awt.Component.processMouseEvent(Component.java:6533)
	at javax.swing.JComponent.processMouseEvent(JComponent.java:3324)
	at java.awt.Component.processEvent(Component.java:6298)
	at java.awt.Container.processEvent(Container.java:2236)
	at java.awt.Component.dispatchEventImpl(Component.java:4889)
	at java.awt.Container.dispatchEventImpl(Container.java:2294)
	at java.awt.Component.dispatchEvent(Component.java:4711)
	at java.awt.LightweightDispatcher.retargetMouseEvent(Container.java:4888)
	at java.awt.LightweightDispatcher.processMouseEvent(Container.java:4525)
	at java.awt.LightweightDispatcher.dispatchEvent(Container.java:4466)
	at java.awt.Container.dispatchEventImpl(Container.java:2280)
	at java.awt.Window.dispatchEventImpl(Window.java:2746)
	at java.awt.Component.dispatchEvent(Component.java:4711)
	at java.awt.EventQueue.dispatchEventImpl(EventQueue.java:758)
	at java.awt.EventQueue.access$500(EventQueue.java:97)
	at java.awt.EventQueue$3.run(EventQueue.java:709)
	at java.awt.EventQueue$3.run(EventQueue.java:703)
	at java.security.AccessController.doPrivileged(Native Method)
	at java.security.ProtectionDomain$JavaSecurityAccessImpl.doIntersectionPrivilege(ProtectionDomain.java:76)
	at java.security.ProtectionDomain$JavaSecurityAccessImpl.doIntersectionPrivilege(ProtectionDomain.java:86)
	at java.awt.EventQueue$4.run(EventQueue.java:731)
	at java.awt.EventQueue$4.run(EventQueue.java:729)
	at java.security.AccessController.doPrivileged(Native Method)
	at java.security.ProtectionDomain$JavaSecurityAccessImpl.doIntersectionPrivilege(ProtectionDomain.java:76)
	at java.awt.EventQueue.dispatchEvent(EventQueue.java:728)
	at java.awt.EventDispatchThread.pumpOneEventForFilters(EventDispatchThread.java:201)
	at java.awt.EventDispatchThread.pumpEventsForFilter(EventDispatchThread.java:116)
	at java.awt.EventDispatchThread.pumpEventsForHierarchy(EventDispatchThread.java:105)
	at java.awt.EventDispatchThread.pumpEvents(EventDispatchThread.java:101)
	at java.awt.EventDispatchThread.pumpEvents(EventDispatchThread.java:93)
	at java.awt.EventDispatchThread.run(EventDispatchThread.java:82)

2017/06/30 19:50:00 Usuário jao conectou-se;
2017/06/30 19:50:01 Usuário jao abriu a janela de exibir produtos;
2017/06/30 19:50:02 Usuário jao selecionou o setor Geral;
2017/06/30 19:50:03 Usuário jao selecionou o setor Camping;
2017/06/30 19:50:04 Usuário jao selecionou o setor Elétrico;
2017/06/30 19:51:47 Usuário jao fechou a janela de exibir produtos;
2017/06/30 19:51:48 Usuário jao abriu a janela de exibir produtos;
2017/06/30 19:51:49 Usuário jao selecionou o setor Camping;
2017/06/30 19:51:49 Usuário jao selecionou o setor Geral;
2017/06/30 19:51:51 Usuário jao fechou a janela de exibir produtos;
2017/06/30 19:51:52 Usuário jao abriu a janela de cadastro de produtos;
2017/06/30 19:51:55 Usuário jao fechou a janela de cadastro de produtos;
2017/06/30 19:51:59 java.lang.NullPointerException
	at projetoet.escudeiro.janelas.CadastroSetorJanela.populaTabela(CadastroSetorJanela.java:105)
	at projetoet.escudeiro.janelas.CadastroSetorJanela.<init>(CadastroSetorJanela.java:153)
	at projetoet.escudeiro.janelas.JanelaPrincipal.iniciaCadastroSetores(JanelaPrincipal.java:227)
	at projetoet.escudeiro.eventos.BotaoInicialListener.actionPerformed(BotaoInicialListener.java:68)
	at javax.swing.AbstractButton.fireActionPerformed(AbstractButton.java:2022)
	at javax.swing.AbstractButton$Handler.actionPerformed(AbstractButton.java:2348)
	at javax.swing.DefaultButtonModel.fireActionPerformed(DefaultButtonModel.java:402)
	at javax.swing.DefaultButtonModel.setPressed(DefaultButtonModel.java:259)
	at javax.swing.AbstractButton.doClick(AbstractButton.java:376)
	at javax.swing.plaf.basic.BasicMenuItemUI.doClick(BasicMenuItemUI.java:833)
	at javax.swing.plaf.basic.BasicMenuItemUI$Handler.mouseReleased(BasicMenuItemUI.java:877)
	at java.awt.Component.processMouseEvent(Component.java:6533)
	at javax.swing.JComponent.processMouseEvent(JComponent.java:3324)
	at java.awt.Component.processEvent(Component.java:6298)
	at java.awt.Container.processEvent(Container.java:2236)
	at java.awt.Component.dispatchEventImpl(Component.java:4889)
	at java.awt.Container.dispatchEventImpl(Container.java:2294)
	at java.awt.Component.dispatchEvent(Component.java:4711)
	at java.awt.LightweightDispatcher.retargetMouseEvent(Container.java:4888)
	at java.awt.LightweightDispatcher.processMouseEvent(Container.java:4525)
	at java.awt.LightweightDispatcher.dispatchEvent(Container.java:4466)
	at java.awt.Container.dispatchEventImpl(Container.java:2280)
	at java.awt.Window.dispatchEventImpl(Window.java:2746)
	at java.awt.Component.dispatchEvent(Component.java:4711)
	at java.awt.EventQueue.dispatchEventImpl(EventQueue.java:758)
	at java.awt.EventQueue.access$500(EventQueue.java:97)
	at java.awt.EventQueue$3.run(EventQueue.java:709)
	at java.awt.EventQueue$3.run(EventQueue.java:703)
	at java.security.AccessController.doPrivileged(Native Method)
	at java.security.ProtectionDomain$JavaSecurityAccessImpl.doIntersectionPrivilege(ProtectionDomain.java:76)
	at java.security.ProtectionDomain$JavaSecurityAccessImpl.doIntersectionPrivilege(ProtectionDomain.java:86)
	at java.awt.EventQueue$4.run(EventQueue.java:731)
	at java.awt.EventQueue$4.run(EventQueue.java:729)
	at java.security.AccessController.doPrivileged(Native Method)
	at java.security.ProtectionDomain$JavaSecurityAccessImpl.doIntersectionPrivilege(ProtectionDomain.java:76)
	at java.awt.EventQueue.dispatchEvent(EventQueue.java:728)
	at java.awt.EventDispatchThread.pumpOneEventForFilters(EventDispatchThread.java:201)
	at java.awt.EventDispatchThread.pumpEventsForFilter(EventDispatchThread.java:116)
	at java.awt.EventDispatchThread.pumpEventsForHierarchy(EventDispatchThread.java:105)
	at java.awt.EventDispatchThread.pumpEvents(EventDispatchThread.java:101)
	at java.awt.EventDispatchThread.pumpEvents(EventDispatchThread.java:93)
	at java.awt.EventDispatchThread.run(EventDispatchThread.java:82)

2017/06/30 19:52:02 java.lang.NullPointerException
	at projetoet.escudeiro.janelas.CadastroSetorJanela.populaTabela(CadastroSetorJanela.java:105)
	at projetoet.escudeiro.janelas.CadastroSetorJanela.<init>(CadastroSetorJanela.java:153)
	at projetoet.escudeiro.janelas.JanelaPrincipal.iniciaCadastroSetores(JanelaPrincipal.java:227)
	at projetoet.escudeiro.eventos.BotaoInicialListener.actionPerformed(BotaoInicialListener.java:68)
	at javax.swing.AbstractButton.fireActionPerformed(AbstractButton.java:2022)
	at javax.swing.AbstractButton$Handler.actionPerformed(AbstractButton.java:2348)
	at javax.swing.DefaultButtonModel.fireActionPerformed(DefaultButtonModel.java:402)
	at javax.swing.DefaultButtonModel.setPressed(DefaultButtonModel.java:259)
	at javax.swing.AbstractButton.doClick(AbstractButton.java:376)
	at javax.swing.plaf.basic.BasicMenuItemUI.doClick(BasicMenuItemUI.java:833)
	at javax.swing.plaf.basic.BasicMenuItemUI$Handler.mouseReleased(BasicMenuItemUI.java:877)
	at java.awt.Component.processMouseEvent(Component.java:6533)
	at javax.swing.JComponent.processMouseEvent(JComponent.java:3324)
	at java.awt.Component.processEvent(Component.java:6298)
	at java.awt.Container.processEvent(Container.java:2236)
	at java.awt.Component.dispatchEventImpl(Component.java:4889)
	at java.awt.Container.dispatchEventImpl(Container.java:2294)
	at java.awt.Component.dispatchEvent(Component.java:4711)
	at java.awt.LightweightDispatcher.retargetMouseEvent(Container.java:4888)
	at java.awt.LightweightDispatcher.processMouseEvent(Container.java:4525)
	at java.awt.LightweightDispatcher.dispatchEvent(Container.java:4466)
	at java.awt.Container.dispatchEventImpl(Container.java:2280)
	at java.awt.Window.dispatchEventImpl(Window.java:2746)
	at java.awt.Component.dispatchEvent(Component.java:4711)
	at java.awt.EventQueue.dispatchEventImpl(EventQueue.java:758)
	at java.awt.EventQueue.access$500(EventQueue.java:97)
	at java.awt.EventQueue$3.run(EventQueue.java:709)
	at java.awt.EventQueue$3.run(EventQueue.java:703)
	at java.security.AccessController.doPrivileged(Native Method)
	at java.security.ProtectionDomain$JavaSecurityAccessImpl.doIntersectionPrivilege(ProtectionDomain.java:76)
	at java.security.ProtectionDomain$JavaSecurityAccessImpl.doIntersectionPrivilege(ProtectionDomain.java:86)
	at java.awt.EventQueue$4.run(EventQueue.java:731)
	at java.awt.EventQueue$4.run(EventQueue.java:729)
	at java.security.AccessController.doPrivileged(Native Method)
	at java.security.ProtectionDomain$JavaSecurityAccessImpl.doIntersectionPrivilege(ProtectionDomain.java:76)
	at java.awt.EventQueue.dispatchEvent(EventQueue.java:728)
	at java.awt.EventDispatchThread.pumpOneEventForFilters(EventDispatchThread.java:201)
	at java.awt.EventDispatchThread.pumpEventsForFilter(EventDispatchThread.java:116)
	at java.awt.EventDispatchThread.pumpEventsForHierarchy(EventDispatchThread.java:105)
	at java.awt.EventDispatchThread.pumpEvents(EventDispatchThread.java:101)
	at java.awt.EventDispatchThread.pumpEvents(EventDispatchThread.java:93)
	at java.awt.EventDispatchThread.run(EventDispatchThread.java:82)

2017/06/30 19:52:21 java.lang.NullPointerException
	at projetoet.escudeiro.janelas.CadastroSetorJanela.populaTabela(CadastroSetorJanela.java:105)
	at projetoet.escudeiro.janelas.CadastroSetorJanela.<init>(CadastroSetorJanela.java:153)
	at projetoet.escudeiro.janelas.JanelaPrincipal.iniciaCadastroSetores(JanelaPrincipal.java:227)
	at projetoet.escudeiro.eventos.BotaoInicialListener.actionPerformed(BotaoInicialListener.java:68)
	at javax.swing.AbstractButton.fireActionPerformed(AbstractButton.java:2022)
	at javax.swing.AbstractButton$Handler.actionPerformed(AbstractButton.java:2348)
	at javax.swing.DefaultButtonModel.fireActionPerformed(DefaultButtonModel.java:402)
	at javax.swing.DefaultButtonModel.setPressed(DefaultButtonModel.java:259)
	at javax.swing.AbstractButton.doClick(AbstractButton.java:376)
	at javax.swing.plaf.basic.BasicMenuItemUI.doClick(BasicMenuItemUI.java:833)
	at javax.swing.plaf.basic.BasicMenuItemUI$Handler.mouseReleased(BasicMenuItemUI.java:877)
	at java.awt.Component.processMouseEvent(Component.java:6533)
	at javax.swing.JComponent.processMouseEvent(JComponent.java:3324)
	at java.awt.Component.processEvent(Component.java:6298)
	at java.awt.Container.processEvent(Container.java:2236)
	at java.awt.Component.dispatchEventImpl(Component.java:4889)
	at java.awt.Container.dispatchEventImpl(Container.java:2294)
	at java.awt.Component.dispatchEvent(Component.java:4711)
	at java.awt.LightweightDispatcher.retargetMouseEvent(Container.java:4888)
	at java.awt.LightweightDispatcher.processMouseEvent(Container.java:4525)
	at java.awt.LightweightDispatcher.dispatchEvent(Container.java:4466)
	at java.awt.Container.dispatchEventImpl(Container.java:2280)
	at java.awt.Window.dispatchEventImpl(Window.java:2746)
	at java.awt.Component.dispatchEvent(Component.java:4711)
	at java.awt.EventQueue.dispatchEventImpl(EventQueue.java:758)
	at java.awt.EventQueue.access$500(EventQueue.java:97)
	at java.awt.EventQueue$3.run(EventQueue.java:709)
	at java.awt.EventQueue$3.run(EventQueue.java:703)
	at java.security.AccessController.doPrivileged(Native Method)
	at java.security.ProtectionDomain$JavaSecurityAccessImpl.doIntersectionPrivilege(ProtectionDomain.java:76)
	at java.security.ProtectionDomain$JavaSecurityAccessImpl.doIntersectionPrivilege(ProtectionDomain.java:86)
	at java.awt.EventQueue$4.run(EventQueue.java:731)
	at java.awt.EventQueue$4.run(EventQueue.java:729)
	at java.security.AccessController.doPrivileged(Native Method)
	at java.security.ProtectionDomain$JavaSecurityAccessImpl.doIntersectionPrivilege(ProtectionDomain.java:76)
	at java.awt.EventQueue.dispatchEvent(EventQueue.java:728)
	at java.awt.EventDispatchThread.pumpOneEventForFilters(EventDispatchThread.java:201)
	at java.awt.EventDispatchThread.pumpEventsForFilter(EventDispatchThread.java:116)
	at java.awt.EventDispatchThread.pumpEventsForHierarchy(EventDispatchThread.java:105)
	at java.awt.EventDispatchThread.pumpEvents(EventDispatchThread.java:101)
	at java.awt.EventDispatchThread.pumpEvents(EventDispatchThread.java:93)
	at java.awt.EventDispatchThread.run(EventDispatchThread.java:82)

2017/06/30 19:53:46 Usuário jao desconectou-se;

2017/06/30 19:53:50 Usuário jao conectou-se;
2017/06/30 19:53:52 Usuário jao alterou o nome de um setor para Geral;
2017/06/30 19:53:52 Usuário jao alterou o nome de um setor para Geral;
2017/06/30 19:53:52 Usuário jao alterou o nome de um setor para Geral;
2017/06/30 19:53:52 Usuário jao abriu a janela de cadastro de setores;
2017/06/30 19:53:56 Usuário jao fechou a janela de cadastro de setores;
2017/06/30 19:54:00 Usuário jao alterou o nome de um setor para Geral;
2017/06/30 19:54:00 Usuário jao alterou o nome de um setor para Geral;
2017/06/30 19:54:00 Usuário jao alterou o nome de um setor para Geral;
2017/06/30 19:54:00 Usuário jao abriu a janela de cadastro de setores;
2017/06/30 19:54:01 Usuário jao fechou a janela de cadastro de setores;
2017/06/30 19:54:02 Usuário jao abriu a janela de exibir produtos;
2017/06/30 19:54:03 Usuário jao selecionou o setor Camping;
2017/06/30 19:54:04 Usuário jao selecionou o setor Geral;
2017/06/30 19:54:04 Usuário jao selecionou o setor Elétrico;
2017/06/30 19:54:06 Usuário jao fechou a janela de exibir produtos;
2017/06/30 19:54:08 Usuário jao abriu a janela de cadastro de usuarios;
2017/06/30 19:54:10 Usuário jao fechou a janela de cadastro de usuario;
2017/06/30 19:54:11 Usuário jao alterou o nome de um setor para Geral;
2017/06/30 19:54:11 Usuário jao alterou o nome de um setor para Geral;
2017/06/30 19:54:11 Usuário jao alterou o nome de um setor para Geral;
2017/06/30 19:54:11 Usuário jao abriu a janela de cadastro de setores;
2017/06/30 19:54:13 Usuário jao fechou a janela de cadastro de setores;
2017/06/30 19:54:14 Usuário jao abriu a janela de cadastro de produtos;
2017/06/30 19:54:15 Usuário jao fechou a janela de cadastro de produtos;
2017/06/30 19:54:30 Usuário jao abriu a janela de exibir produtos;
2017/06/30 19:54:31 Usuário jao selecionou o setor Geral;
2017/06/30 19:54:32 Usuário jao selecionou o setor Camping;
2017/06/30 19:54:33 Usuário jao selecionou o setor Elétrico;
2017/06/30 19:54:36 Usuário jao fechou a janela de exibir produtos;
2017/06/30 19:54:38 Usuário jao alterou o nome de um setor para Geral;
2017/06/30 19:54:38 Usuário jao alterou o nome de um setor para Geral;
2017/06/30 19:54:38 Usuário jao alterou o nome de um setor para Geral;
2017/06/30 19:54:38 Usuário jao abriu a janela de cadastro de setores;
2017/06/30 19:54:40 Usuário jao fechou a janela de cadastro de setores;
2017/06/30 19:54:50 Usuário jao abriu a janela de exibir produtos;
2017/06/30 19:54:51 Usuário jao selecionou o setor Geral;
2017/06/30 19:54:52 Usuário jao selecionou o setor Camping;
2017/06/30 19:54:58 Usuário jao deletou o produto Saco de dormir;
2017/06/30 19:54:59 Usuário jao selecionou o setor Elétrico;
2017/06/30 19:55:00 Usuário jao selecionou o setor Geral;
2017/06/30 19:55:01 Usuário jao fechou a janela de exibir produtos;
2017/06/30 19:55:02 Usuário jao abriu a janela de cadastro de produtos;
2017/06/30 19:55:21 Usuário jao cadastrou o produto Barraca 4 lugares Nautika no setor Camping;
2017/06/30 19:55:22 Usuário jao fechou a janela de cadastro de produtos;
2017/06/30 19:55:22 Usuário jao abriu a janela de exibir produtos;
2017/06/30 19:55:23 Usuário jao selecionou o setor Camping;
2017/06/30 19:55:54 Usuário jao fechou a janela de exibir produtos;
2017/06/30 19:55:56 Usuário jao abriu a janela de exibir produtos;
2017/06/30 19:55:57 Usuário jao selecionou o setor Elétrico;
2017/06/30 19:55:58 Usuário jao selecionou o setor Camping;
2017/06/30 19:55:58 Usuário jao selecionou o setor Geral;
2017/06/30 19:56:00 Usuário jao selecionou o setor Camping;
2017/06/30 19:56:00 Usuário jao selecionou o setor Elétrico;
2017/06/30 19:56:01 Usuário jao fechou a janela de exibir produtos;
2017/06/30 19:56:03 Usuário jao abriu a janela de exibir produtos;
2017/06/30 19:56:04 Usuário jao selecionou o setor Geral;
2017/06/30 19:56:04 Usuário jao selecionou o setor Camping;
2017/06/30 19:56:05 Usuário jao selecionou o setor Elétrico;
2017/06/30 19:56:05 Usuário jao selecionou o setor Camping;
2017/06/30 19:56:06 Usuário jao selecionou o setor Geral;
2017/06/30 19:56:07 Usuário jao fechou a janela de exibir produtos;
2017/06/30 19:56:09 Usuário jao abriu a janela de cadastro de usuarios;
2017/06/30 19:56:10 Usuário jao fechou a janela de cadastro de usuario;
2017/06/30 19:56:11 Usuário jao abriu a janela de exibir produtos;
2017/06/30 19:56:13 Usuário jao fechou a janela de exibir produtos;
2017/06/30 19:57:04 Usuário jao abriu a janela de cadastro de produtos;
2017/06/30 19:57:05 Usuário jao fechou a janela de cadastro de produtos;
2017/06/30 19:57:05 Usuário jao abriu a janela de exibir produtos;
2017/06/30 19:57:06 Usuário jao fechou a janela de exibir produtos;
2017/06/30 19:57:09 Usuário jao desconectou-se;

