/*C74*/SET SCHEMA PUBLIC
CONNECT USER SA
DISCONNECT
/*C75*/SET SCHEMA PUBLIC
CONNECT USER SA
DISCONNECT
/*C76*/SET SCHEMA PUBLIC
CONNECT USER SA
DISCONNECT
/*C77*/SET SCHEMA PUBLIC
CONNECT USER SA
DISCONNECT
/*C78*/SET SCHEMA PUBLIC
CONNECT USER SA
DISCONNECT
/*C79*/SET SCHEMA PUBLIC
CONNECT USER SA
DISCONNECT
/*C80*/SET SCHEMA PUBLIC
CONNECT USER SA
/*C81*/SET SCHEMA PUBLIC
CONNECT USER SA
DISCONNECT
/*C82*/SET SCHEMA PUBLIC
CONNECT USER SA
DISCONNECT
/*C83*/SET SCHEMA PUBLIC
CONNECT USER SA
DISCONNECT
/*C84*/SET SCHEMA PUBLIC
CONNECT USER SA
DISCONNECT
/*C85*/SET SCHEMA PUBLIC
CONNECT USER SA
DISCONNECT
/*C86*/SET SCHEMA PUBLIC
CONNECT USER SA
DISCONNECT
/*C87*/SET SCHEMA PUBLIC
CONNECT USER SA
DISCONNECT
/*C88*/SET SCHEMA PUBLIC
CONNECT USER SA
DISCONNECT
/*C89*/SET SCHEMA PUBLIC
CONNECT USER SA
DISCONNECT
/*C90*/SET SCHEMA PUBLIC
CONNECT USER SA
DISCONNECT
/*C91*/SET SCHEMA PUBLIC
CONNECT USER SA
DISCONNECT
/*C92*/SET SCHEMA PUBLIC
CONNECT USER SA
DISCONNECT
/*C93*/SET SCHEMA PUBLIC
CONNECT USER SA
DISCONNECT
/*C94*/SET SCHEMA PUBLIC
CONNECT USER SA
DISCONNECT
/*C95*/SET SCHEMA PUBLIC
CONNECT USER SA
DISCONNECT
/*C96*/SET SCHEMA PUBLIC
CONNECT USER SA
DELETE FROM PRODUTO WHERE ID=554
DISCONNECT
/*C97*/SET SCHEMA PUBLIC
CONNECT USER SA
DISCONNECT
/*C98*/SET SCHEMA PUBLIC
CONNECT USER SA
DISCONNECT
/*C99*/SET SCHEMA PUBLIC
CONNECT USER SA
DISCONNECT
/*C100*/SET SCHEMA PUBLIC
CONNECT USER SA
DISCONNECT
/*C101*/SET SCHEMA PUBLIC
CONNECT USER SA
DISCONNECT
/*C102*/SET SCHEMA PUBLIC
CONNECT USER SA
DISCONNECT
/*C103*/SET SCHEMA PUBLIC
CONNECT USER SA
DISCONNECT
/*C104*/SET SCHEMA PUBLIC
CONNECT USER SA
DISCONNECT
/*C105*/SET SCHEMA PUBLIC
CONNECT USER SA
DISCONNECT
/*C106*/SET SCHEMA PUBLIC
CONNECT USER SA
DISCONNECT
/*C107*/SET SCHEMA PUBLIC
CONNECT USER SA
DISCONNECT
/*C108*/SET SCHEMA PUBLIC
CONNECT USER SA
DISCONNECT
/*C109*/SET SCHEMA PUBLIC
CONNECT USER SA
DISCONNECT
/*C110*/SET SCHEMA PUBLIC
CONNECT USER SA
DISCONNECT
/*C111*/SET SCHEMA PUBLIC
CONNECT USER SA
DISCONNECT
/*C112*/SET SCHEMA PUBLIC
CONNECT USER SA
DISCONNECT
/*C113*/SET SCHEMA PUBLIC
CONNECT USER SA
DELETE FROM PRODUTO WHERE ID=9090
DELETE FROM PRODUTO WHERE ID=123123
DISCONNECT
/*C114*/SET SCHEMA PUBLIC
CONNECT USER SA
DISCONNECT
/*C115*/SET SCHEMA PUBLIC
CONNECT USER SA
DISCONNECT
/*C116*/SET SCHEMA PUBLIC
CONNECT USER SA
DISCONNECT
/*C117*/SET SCHEMA PUBLIC
CONNECT USER SA
DISCONNECT
/*C118*/SET SCHEMA PUBLIC
CONNECT USER SA
DISCONNECT
/*C119*/SET SCHEMA PUBLIC
CONNECT USER SA
DISCONNECT
/*C120*/SET SCHEMA PUBLIC
CONNECT USER SA
DISCONNECT
/*C121*/SET SCHEMA PUBLIC
CONNECT USER SA
DELETE FROM PRODUTO WHERE ID=123
DISCONNECT
/*C122*/SET SCHEMA PUBLIC
CONNECT USER SA
DISCONNECT
/*C123*/SET SCHEMA PUBLIC
CONNECT USER SA
DISCONNECT
/*C124*/SET SCHEMA PUBLIC
CONNECT USER SA
DISCONNECT
/*C125*/SET SCHEMA PUBLIC
CONNECT USER SA
DISCONNECT
/*C126*/SET SCHEMA PUBLIC
CONNECT USER SA
DISCONNECT
/*C127*/SET SCHEMA PUBLIC
CONNECT USER SA
INSERT INTO PRODUTO VALUES(100,'Caixa',0)
DISCONNECT
/*C128*/SET SCHEMA PUBLIC
CONNECT USER SA
DISCONNECT
/*C129*/SET SCHEMA PUBLIC
CONNECT USER SA
DISCONNECT
/*C130*/SET SCHEMA PUBLIC
CONNECT USER SA
DISCONNECT
/*C131*/SET SCHEMA PUBLIC
CONNECT USER SA
DISCONNECT
/*C132*/SET SCHEMA PUBLIC
CONNECT USER SA
DISCONNECT
/*C133*/SET SCHEMA PUBLIC
CONNECT USER SA
DISCONNECT
/*C134*/SET SCHEMA PUBLIC
CONNECT USER SA
DISCONNECT
/*C135*/SET SCHEMA PUBLIC
CONNECT USER SA
INSERT INTO PRODUTO VALUES(123,'asdasd',0)
DISCONNECT
/*C136*/SET SCHEMA PUBLIC
CONNECT USER SA
INSERT INTO PRODUTO VALUES(909,'asdasd',0)
DISCONNECT
/*C137*/SET SCHEMA PUBLIC
CONNECT USER SA
DISCONNECT
/*C138*/SET SCHEMA PUBLIC
CONNECT USER SA
DISCONNECT
/*C139*/SET SCHEMA PUBLIC
CONNECT USER SA
DELETE FROM PRODUTO WHERE ID=100
DELETE FROM PRODUTO WHERE ID=123
DELETE FROM PRODUTO WHERE ID=909
DISCONNECT
/*C140*/SET SCHEMA PUBLIC
CONNECT USER SA
DISCONNECT
/*C141*/SET SCHEMA PUBLIC
CONNECT USER SA
DISCONNECT
/*C142*/SET SCHEMA PUBLIC
CONNECT USER SA
DISCONNECT
/*C143*/SET SCHEMA PUBLIC
CONNECT USER SA
DISCONNECT
/*C144*/SET SCHEMA PUBLIC
CONNECT USER SA
INSERT INTO PRODUTO VALUES(12313,'asdasdasd',0)
DISCONNECT
/*C145*/SET SCHEMA PUBLIC
CONNECT USER SA
INSERT INTO PRODUTO VALUES(33,'asdasd',0)
DISCONNECT
/*C146*/SET SCHEMA PUBLIC
CONNECT USER SA
INSERT INTO PRODUTO VALUES(1,'Caixa',0)
DISCONNECT
/*C147*/SET SCHEMA PUBLIC
CONNECT USER SA
DISCONNECT
/*C148*/SET SCHEMA PUBLIC
CONNECT USER SA
DISCONNECT
/*C149*/SET SCHEMA PUBLIC
CONNECT USER SA
DELETE FROM PRODUTO WHERE ID=1
DELETE FROM PRODUTO WHERE ID=33
DELETE FROM PRODUTO WHERE ID=12313
DISCONNECT
/*C150*/SET SCHEMA PUBLIC
CONNECT USER SA
DISCONNECT
/*C151*/SET SCHEMA PUBLIC
CONNECT USER SA
DISCONNECT
/*C152*/SET SCHEMA PUBLIC
CONNECT USER SA
DISCONNECT
/*C153*/SET SCHEMA PUBLIC
CONNECT USER SA
DISCONNECT
/*C154*/SET SCHEMA PUBLIC
CONNECT USER SA
DISCONNECT
/*C155*/SET SCHEMA PUBLIC
CONNECT USER SA
DISCONNECT
/*C156*/SET SCHEMA PUBLIC
CONNECT USER SA
DISCONNECT
/*C157*/SET SCHEMA PUBLIC
CONNECT USER SA
DISCONNECT
/*C158*/SET SCHEMA PUBLIC
CONNECT USER SA
INSERT INTO PRODUTO VALUES(1,'Caixa',0)
DISCONNECT
/*C159*/SET SCHEMA PUBLIC
CONNECT USER SA
INSERT INTO PRODUTO VALUES(2,'caixa 2',0)
DISCONNECT
/*C160*/SET SCHEMA PUBLIC
CONNECT USER SA
INSERT INTO PRODUTO VALUES(3,'caixa 3',0)
DISCONNECT
/*C161*/SET SCHEMA PUBLIC
CONNECT USER SA
DISCONNECT
/*C162*/SET SCHEMA PUBLIC
CONNECT USER SA
DISCONNECT
/*C163*/SET SCHEMA PUBLIC
CONNECT USER SA
DISCONNECT
/*C164*/SET SCHEMA PUBLIC
CONNECT USER SA
DISCONNECT
/*C165*/SET SCHEMA PUBLIC
CONNECT USER SA
DISCONNECT
/*C166*/SET SCHEMA PUBLIC
CONNECT USER SA
DELETE FROM PRODUTO WHERE ID=1
DELETE FROM PRODUTO WHERE ID=2
DELETE FROM PRODUTO WHERE ID=3
DISCONNECT
/*C167*/SET SCHEMA PUBLIC
CONNECT USER SA
DISCONNECT
/*C168*/SET SCHEMA PUBLIC
CONNECT USER SA
DISCONNECT
/*C169*/SET SCHEMA PUBLIC
CONNECT USER SA
DISCONNECT
/*C170*/SET SCHEMA PUBLIC
CONNECT USER SA
INSERT INTO PRODUTO VALUES(1,'caixa',0)
DISCONNECT
/*C171*/SET SCHEMA PUBLIC
CONNECT USER SA
INSERT INTO PRODUTO VALUES(2,'caixa 2',0)
DISCONNECT
/*C172*/SET SCHEMA PUBLIC
CONNECT USER SA
DISCONNECT
/*C173*/SET SCHEMA PUBLIC
CONNECT USER SA
DISCONNECT
/*C174*/SET SCHEMA PUBLIC
CONNECT USER SA
DELETE FROM PRODUTO WHERE ID=1
DELETE FROM PRODUTO WHERE ID=2
DISCONNECT
/*C175*/SET SCHEMA PUBLIC
CONNECT USER SA
DISCONNECT
/*C176*/SET SCHEMA PUBLIC
CONNECT USER SA
DISCONNECT
/*C177*/SET SCHEMA PUBLIC
CONNECT USER SA
DISCONNECT
/*C178*/SET SCHEMA PUBLIC
CONNECT USER SA
DISCONNECT
/*C179*/SET SCHEMA PUBLIC
CONNECT USER SA
DISCONNECT
/*C180*/SET SCHEMA PUBLIC
CONNECT USER SA
DISCONNECT
/*C181*/SET SCHEMA PUBLIC
CONNECT USER SA
DISCONNECT
/*C182*/SET SCHEMA PUBLIC
CONNECT USER SA
DISCONNECT
/*C183*/SET SCHEMA PUBLIC
CONNECT USER SA
DISCONNECT
/*C184*/SET SCHEMA PUBLIC
CONNECT USER SA
DISCONNECT
/*C185*/SET SCHEMA PUBLIC
CONNECT USER SA
DISCONNECT
/*C186*/SET SCHEMA PUBLIC
CONNECT USER SA
INSERT INTO PRODUTO VALUES(123,'asd',0)
DISCONNECT
/*C187*/SET SCHEMA PUBLIC
CONNECT USER SA
INSERT INTO PRODUTO VALUES(1234,'asd',0)
DISCONNECT
/*C188*/SET SCHEMA PUBLIC
CONNECT USER SA
INSERT INTO PRODUTO VALUES(12345,'asd',0)
DISCONNECT
/*C189*/SET SCHEMA PUBLIC
CONNECT USER SA
DISCONNECT
/*C190*/SET SCHEMA PUBLIC
CONNECT USER SA
DISCONNECT
/*C191*/SET SCHEMA PUBLIC
CONNECT USER SA
DELETE FROM PRODUTO WHERE ID=123
DELETE FROM PRODUTO WHERE ID=1234
DELETE FROM PRODUTO WHERE ID=12345
DISCONNECT
/*C192*/SET SCHEMA PUBLIC
CONNECT USER SA
DISCONNECT
/*C193*/SET SCHEMA PUBLIC
CONNECT USER SA
DISCONNECT
/*C194*/SET SCHEMA PUBLIC
CONNECT USER SA
DISCONNECT
/*C195*/SET SCHEMA PUBLIC
CONNECT USER SA
DISCONNECT
/*C196*/SET SCHEMA PUBLIC
CONNECT USER SA
INSERT INTO PRODUTO VALUES(123,'asd',0)
DISCONNECT
/*C197*/SET SCHEMA PUBLIC
CONNECT USER SA
INSERT INTO PRODUTO VALUES(1234,'asd',0)
DISCONNECT
/*C198*/SET SCHEMA PUBLIC
CONNECT USER SA
DISCONNECT
/*C199*/SET SCHEMA PUBLIC
CONNECT USER SA
DISCONNECT
/*C200*/SET SCHEMA PUBLIC
CONNECT USER SA
DELETE FROM PRODUTO WHERE ID=123
DELETE FROM PRODUTO WHERE ID=1234
DISCONNECT
/*C201*/SET SCHEMA PUBLIC
CONNECT USER SA
DISCONNECT
/*C202*/SET SCHEMA PUBLIC
CONNECT USER SA
DISCONNECT
/*C203*/SET SCHEMA PUBLIC
CONNECT USER SA
DISCONNECT
/*C204*/SET SCHEMA PUBLIC
CONNECT USER SA
DISCONNECT
/*C205*/SET SCHEMA PUBLIC
CONNECT USER SA
DISCONNECT
/*C206*/SET SCHEMA PUBLIC
CONNECT USER SA
INSERT INTO PRODUTO VALUES(123,'asd',0)
DISCONNECT
/*C207*/SET SCHEMA PUBLIC
CONNECT USER SA
DISCONNECT
/*C208*/SET SCHEMA PUBLIC
CONNECT USER SA
DISCONNECT
/*C209*/SET SCHEMA PUBLIC
CONNECT USER SA
DELETE FROM PRODUTO WHERE ID=123
DISCONNECT
/*C210*/SET SCHEMA PUBLIC
CONNECT USER SA
DISCONNECT
/*C211*/SET SCHEMA PUBLIC
CONNECT USER SA
DISCONNECT
/*C212*/SET SCHEMA PUBLIC
CONNECT USER SA
DISCONNECT
/*C213*/SET SCHEMA PUBLIC
CONNECT USER SA
DISCONNECT
/*C214*/SET SCHEMA PUBLIC
CONNECT USER SA
DISCONNECT
/*C215*/SET SCHEMA PUBLIC
CONNECT USER SA
INSERT INTO PRODUTO VALUES(123,'asd',0)
DISCONNECT
/*C216*/SET SCHEMA PUBLIC
CONNECT USER SA
DISCONNECT
/*C217*/SET SCHEMA PUBLIC
CONNECT USER SA
DISCONNECT
/*C218*/SET SCHEMA PUBLIC
CONNECT USER SA
DISCONNECT
/*C219*/SET SCHEMA PUBLIC
CONNECT USER SA
DISCONNECT
/*C220*/SET SCHEMA PUBLIC
CONNECT USER SA
DISCONNECT
/*C221*/SET SCHEMA PUBLIC
CONNECT USER SA
DISCONNECT
/*C222*/SET SCHEMA PUBLIC
CONNECT USER SA
DISCONNECT
/*C223*/SET SCHEMA PUBLIC
CONNECT USER SA
SET AUTOCOMMIT FALSE
DELETE FROM SETORES WHERE ID=0
INSERT INTO SETORES VALUES(0,'Geral')
SET AUTOCOMMIT TRUE
DISCONNECT
/*C224*/SET SCHEMA PUBLIC
CONNECT USER SA
SET AUTOCOMMIT FALSE
DELETE FROM SETORES WHERE ID=0
INSERT INTO SETORES VALUES(0,'Geral')
SET AUTOCOMMIT TRUE
DISCONNECT
/*C225*/SET SCHEMA PUBLIC
CONNECT USER SA
INSERT INTO SETORES VALUES(2,'El\u00e9trico')
DISCONNECT
/*C226*/SET SCHEMA PUBLIC
CONNECT USER SA
DISCONNECT
/*C227*/SET SCHEMA PUBLIC
CONNECT USER SA
DISCONNECT
/*C228*/SET SCHEMA PUBLIC
CONNECT USER SA
SET AUTOCOMMIT FALSE
DELETE FROM SETORES WHERE ID=0
INSERT INTO SETORES VALUES(0,'Geral')
SET AUTOCOMMIT TRUE
DISCONNECT
/*C229*/SET SCHEMA PUBLIC
CONNECT USER SA
SET AUTOCOMMIT FALSE
DELETE FROM SETORES WHERE ID=0
INSERT INTO SETORES VALUES(0,'Geral')
SET AUTOCOMMIT TRUE
DISCONNECT
/*C230*/SET SCHEMA PUBLIC
CONNECT USER SA
SET AUTOCOMMIT FALSE
DELETE FROM SETORES WHERE ID=0
INSERT INTO SETORES VALUES(0,'Geral')
SET AUTOCOMMIT TRUE
DISCONNECT
/*C231*/SET SCHEMA PUBLIC
CONNECT USER SA
DISCONNECT
/*C232*/SET SCHEMA PUBLIC
CONNECT USER SA
DISCONNECT
/*C233*/SET SCHEMA PUBLIC
CONNECT USER SA
DISCONNECT
/*C234*/SET SCHEMA PUBLIC
CONNECT USER SA
DISCONNECT
/*C235*/SET SCHEMA PUBLIC
CONNECT USER SA
DISCONNECT
/*C236*/SET SCHEMA PUBLIC
CONNECT USER SA
DISCONNECT
/*C237*/SET SCHEMA PUBLIC
CONNECT USER SA
DISCONNECT
/*C238*/SET SCHEMA PUBLIC
CONNECT USER SA
DISCONNECT
/*C239*/SET SCHEMA PUBLIC
CONNECT USER SA
DISCONNECT
/*C240*/SET SCHEMA PUBLIC
CONNECT USER SA
DISCONNECT
/*C241*/SET SCHEMA PUBLIC
CONNECT USER SA
DISCONNECT
/*C242*/SET SCHEMA PUBLIC
CONNECT USER SA
DISCONNECT
/*C243*/SET SCHEMA PUBLIC
CONNECT USER SA
DISCONNECT
/*C244*/SET SCHEMA PUBLIC
CONNECT USER SA
DISCONNECT
/*C245*/SET SCHEMA PUBLIC
CONNECT USER SA
DISCONNECT
/*C246*/SET SCHEMA PUBLIC
CONNECT USER SA
DISCONNECT
/*C247*/SET SCHEMA PUBLIC
CONNECT USER SA
DISCONNECT
/*C248*/SET SCHEMA PUBLIC
CONNECT USER SA
DISCONNECT
/*C249*/SET SCHEMA PUBLIC
CONNECT USER SA
DISCONNECT
/*C80*/INSERT INTO USUARIO VALUES(0,'admin','123')
/*C250*/SET SCHEMA PUBLIC
CONNECT USER SA
DISCONNECT
/*C251*/SET SCHEMA PUBLIC
CONNECT USER SA
DISCONNECT
/*C252*/SET SCHEMA PUBLIC
CONNECT USER SA
DISCONNECT
/*C253*/SET SCHEMA PUBLIC
CONNECT USER SA
DISCONNECT
/*C254*/SET SCHEMA PUBLIC
CONNECT USER SA
DISCONNECT
/*C255*/SET SCHEMA PUBLIC
CONNECT USER SA
DISCONNECT
/*C256*/SET SCHEMA PUBLIC
CONNECT USER SA
DISCONNECT
/*C257*/SET SCHEMA PUBLIC
CONNECT USER SA
DISCONNECT
/*C258*/SET SCHEMA PUBLIC
CONNECT USER SA
DISCONNECT
/*C259*/SET SCHEMA PUBLIC
CONNECT USER SA
DISCONNECT
/*C260*/SET SCHEMA PUBLIC
CONNECT USER SA
DISCONNECT
/*C261*/SET SCHEMA PUBLIC
CONNECT USER SA
INSERT INTO USUARIO VALUES(1,'jao','123')
DISCONNECT
/*C262*/SET SCHEMA PUBLIC
CONNECT USER SA
DISCONNECT
/*C263*/SET SCHEMA PUBLIC
CONNECT USER SA
DISCONNECT
/*C264*/SET SCHEMA PUBLIC
CONNECT USER SA
DISCONNECT
/*C265*/SET SCHEMA PUBLIC
CONNECT USER SA
DISCONNECT
/*C266*/SET SCHEMA PUBLIC
CONNECT USER SA
DISCONNECT
/*C267*/SET SCHEMA PUBLIC
CONNECT USER SA
DISCONNECT
/*C268*/SET SCHEMA PUBLIC
CONNECT USER SA
DISCONNECT
/*C269*/SET SCHEMA PUBLIC
CONNECT USER SA
DISCONNECT
/*C270*/SET SCHEMA PUBLIC
CONNECT USER SA
DISCONNECT
/*C271*/SET SCHEMA PUBLIC
CONNECT USER SA
DISCONNECT
/*C272*/SET SCHEMA PUBLIC
CONNECT USER SA
DISCONNECT
/*C273*/SET SCHEMA PUBLIC
CONNECT USER SA
DELETE FROM PRODUTO WHERE ID=123
DISCONNECT
/*C274*/SET SCHEMA PUBLIC
CONNECT USER SA
DISCONNECT
/*C275*/SET SCHEMA PUBLIC
CONNECT USER SA
DISCONNECT
/*C276*/SET SCHEMA PUBLIC
CONNECT USER SA
DISCONNECT
/*C277*/SET SCHEMA PUBLIC
CONNECT USER SA
INSERT INTO PRODUTO VALUES(123,'Caixa',0)
DISCONNECT
/*C278*/SET SCHEMA PUBLIC
CONNECT USER SA
DISCONNECT
/*C279*/SET SCHEMA PUBLIC
CONNECT USER SA
INSERT INTO PRODUTO VALUES(789273782,'Carabina',1)
DISCONNECT
/*C280*/SET SCHEMA PUBLIC
CONNECT USER SA
INSERT INTO PRODUTO VALUES(333,'Tomada 3 pinos',2)
DISCONNECT
/*C281*/SET SCHEMA PUBLIC
CONNECT USER SA
INSERT INTO PRODUTO VALUES(7890909,'Ddsd',2)
DISCONNECT
/*C282*/SET SCHEMA PUBLIC
CONNECT USER SA
DISCONNECT
/*C283*/SET SCHEMA PUBLIC
CONNECT USER SA
DISCONNECT
/*C284*/SET SCHEMA PUBLIC
CONNECT USER SA
DISCONNECT
/*C285*/SET SCHEMA PUBLIC
CONNECT USER SA
DISCONNECT
/*C286*/SET SCHEMA PUBLIC
CONNECT USER SA
DISCONNECT
/*C287*/SET SCHEMA PUBLIC
CONNECT USER SA
DISCONNECT
/*C288*/SET SCHEMA PUBLIC
CONNECT USER SA
DISCONNECT
/*C289*/SET SCHEMA PUBLIC
CONNECT USER SA
DISCONNECT
/*C290*/SET SCHEMA PUBLIC
CONNECT USER SA
DISCONNECT
/*C291*/SET SCHEMA PUBLIC
CONNECT USER SA
DISCONNECT
/*C292*/SET SCHEMA PUBLIC
CONNECT USER SA
DISCONNECT
/*C293*/SET SCHEMA PUBLIC
CONNECT USER SA
DELETE FROM PRODUTO WHERE ID=7890909
DISCONNECT
/*C294*/SET SCHEMA PUBLIC
CONNECT USER SA
DISCONNECT
/*C295*/SET SCHEMA PUBLIC
CONNECT USER SA
DISCONNECT
/*C296*/SET SCHEMA PUBLIC
CONNECT USER SA
DISCONNECT
/*C297*/SET SCHEMA PUBLIC
CONNECT USER SA
DISCONNECT
/*C298*/SET SCHEMA PUBLIC
CONNECT USER SA
DISCONNECT
/*C299*/SET SCHEMA PUBLIC
CONNECT USER SA
INSERT INTO PRODUTO VALUES(89889,'Saco de dormir',1)
DISCONNECT
/*C300*/SET SCHEMA PUBLIC
CONNECT USER SA
DISCONNECT
/*C301*/SET SCHEMA PUBLIC
CONNECT USER SA
DISCONNECT
/*C302*/SET SCHEMA PUBLIC
CONNECT USER SA
DISCONNECT
/*C303*/SET SCHEMA PUBLIC
CONNECT USER SA
DISCONNECT
/*C304*/SET SCHEMA PUBLIC
CONNECT USER SA
DISCONNECT
/*C305*/SET SCHEMA PUBLIC
CONNECT USER SA
DISCONNECT
/*C306*/SET SCHEMA PUBLIC
CONNECT USER SA
DISCONNECT
/*C307*/SET SCHEMA PUBLIC
CONNECT USER SA
DISCONNECT
/*C308*/SET SCHEMA PUBLIC
CONNECT USER SA
DISCONNECT
/*C309*/SET SCHEMA PUBLIC
CONNECT USER SA
DISCONNECT
/*C310*/SET SCHEMA PUBLIC
CONNECT USER SA
DISCONNECT
/*C311*/SET SCHEMA PUBLIC
CONNECT USER SA
DISCONNECT
/*C312*/SET SCHEMA PUBLIC
CONNECT USER SA
DISCONNECT
/*C313*/SET SCHEMA PUBLIC
CONNECT USER SA
DISCONNECT
/*C314*/SET SCHEMA PUBLIC
CONNECT USER SA
DISCONNECT
/*C315*/SET SCHEMA PUBLIC
CONNECT USER SA
DISCONNECT
/*C316*/SET SCHEMA PUBLIC
CONNECT USER SA
DISCONNECT
/*C317*/SET SCHEMA PUBLIC
CONNECT USER SA
DISCONNECT
/*C318*/SET SCHEMA PUBLIC
CONNECT USER SA
DISCONNECT
/*C319*/SET SCHEMA PUBLIC
CONNECT USER SA
DISCONNECT
/*C320*/SET SCHEMA PUBLIC
CONNECT USER SA
DISCONNECT
/*C321*/SET SCHEMA PUBLIC
CONNECT USER SA
DISCONNECT
/*C322*/SET SCHEMA PUBLIC
CONNECT USER SA
DISCONNECT
/*C323*/SET SCHEMA PUBLIC
CONNECT USER SA
DISCONNECT
/*C324*/SET SCHEMA PUBLIC
CONNECT USER SA
DISCONNECT
/*C325*/SET SCHEMA PUBLIC
CONNECT USER SA
DISCONNECT
/*C326*/SET SCHEMA PUBLIC
CONNECT USER SA
DISCONNECT
/*C327*/SET SCHEMA PUBLIC
CONNECT USER SA
DISCONNECT
/*C328*/SET SCHEMA PUBLIC
CONNECT USER SA
DISCONNECT
/*C329*/SET SCHEMA PUBLIC
CONNECT USER SA
DISCONNECT
/*C330*/SET SCHEMA PUBLIC
CONNECT USER SA
DISCONNECT
/*C331*/SET SCHEMA PUBLIC
CONNECT USER SA
DISCONNECT
/*C332*/SET SCHEMA PUBLIC
CONNECT USER SA
DISCONNECT
/*C333*/SET SCHEMA PUBLIC
CONNECT USER SA
DISCONNECT
/*C334*/SET SCHEMA PUBLIC
CONNECT USER SA
DISCONNECT
/*C335*/SET SCHEMA PUBLIC
CONNECT USER SA
DISCONNECT
/*C336*/SET SCHEMA PUBLIC
CONNECT USER SA
DISCONNECT
/*C337*/SET SCHEMA PUBLIC
CONNECT USER SA
DISCONNECT
/*C338*/SET SCHEMA PUBLIC
CONNECT USER SA
DISCONNECT
/*C339*/SET SCHEMA PUBLIC
CONNECT USER SA
SET AUTOCOMMIT FALSE
DELETE FROM SETORES WHERE ID=0
INSERT INTO SETORES VALUES(0,'Geral')
SET AUTOCOMMIT TRUE
DISCONNECT
/*C340*/SET SCHEMA PUBLIC
CONNECT USER SA
SET AUTOCOMMIT FALSE
DELETE FROM SETORES WHERE ID=0
INSERT INTO SETORES VALUES(0,'Geral')
SET AUTOCOMMIT TRUE
DISCONNECT
/*C341*/SET SCHEMA PUBLIC
CONNECT USER SA
SET AUTOCOMMIT FALSE
DELETE FROM SETORES WHERE ID=0
INSERT INTO SETORES VALUES(0,'Geral')
SET AUTOCOMMIT TRUE
DISCONNECT
/*C342*/SET SCHEMA PUBLIC
CONNECT USER SA
DISCONNECT
/*C343*/SET SCHEMA PUBLIC
CONNECT USER SA
DISCONNECT
/*C344*/SET SCHEMA PUBLIC
CONNECT USER SA
DISCONNECT
/*C345*/SET SCHEMA PUBLIC
CONNECT USER SA
DISCONNECT
/*C346*/SET SCHEMA PUBLIC
CONNECT USER SA
DISCONNECT
/*C347*/SET SCHEMA PUBLIC
CONNECT USER SA
DISCONNECT
/*C348*/SET SCHEMA PUBLIC
CONNECT USER SA
DISCONNECT
/*C349*/SET SCHEMA PUBLIC
CONNECT USER SA
DISCONNECT
/*C350*/SET SCHEMA PUBLIC
CONNECT USER SA
INSERT INTO PRODUTO VALUES(1,'asdasd',0)
DISCONNECT
/*C351*/SET SCHEMA PUBLIC
CONNECT USER SA
DISCONNECT
/*C352*/SET SCHEMA PUBLIC
CONNECT USER SA
DISCONNECT
/*C353*/SET SCHEMA PUBLIC
CONNECT USER SA
DELETE FROM PRODUTO WHERE ID=1
DISCONNECT
/*C354*/SET SCHEMA PUBLIC
CONNECT USER SA
DISCONNECT
/*C355*/SET SCHEMA PUBLIC
CONNECT USER SA
DISCONNECT
/*C356*/SET SCHEMA PUBLIC
CONNECT USER SA
DISCONNECT
/*C357*/SET SCHEMA PUBLIC
CONNECT USER SA
DELETE FROM PRODUTO WHERE ID=123
DISCONNECT
/*C358*/SET SCHEMA PUBLIC
CONNECT USER SA
DISCONNECT
/*C359*/SET SCHEMA PUBLIC
CONNECT USER SA
INSERT INTO PRODUTO VALUES(1,'Caixa',0)
DISCONNECT
/*C360*/SET SCHEMA PUBLIC
CONNECT USER SA
DISCONNECT
/*C361*/SET SCHEMA PUBLIC
CONNECT USER SA
DISCONNECT
/*C362*/SET SCHEMA PUBLIC
CONNECT USER SA
DISCONNECT
/*C363*/SET SCHEMA PUBLIC
CONNECT USER SA
DISCONNECT
/*C364*/SET SCHEMA PUBLIC
CONNECT USER SA
DISCONNECT
/*C365*/SET SCHEMA PUBLIC
CONNECT USER SA
DISCONNECT
/*C366*/SET SCHEMA PUBLIC
CONNECT USER SA
DISCONNECT
/*C367*/SET SCHEMA PUBLIC
CONNECT USER SA
DISCONNECT
/*C368*/SET SCHEMA PUBLIC
CONNECT USER SA
DISCONNECT
/*C369*/SET SCHEMA PUBLIC
CONNECT USER SA
DISCONNECT
/*C370*/SET SCHEMA PUBLIC
CONNECT USER SA
INSERT INTO PRODUTO VALUES(133,'Teste',0)
DISCONNECT
/*C371*/SET SCHEMA PUBLIC
CONNECT USER SA
DISCONNECT
/*C372*/SET SCHEMA PUBLIC
CONNECT USER SA
DISCONNECT
/*C373*/SET SCHEMA PUBLIC
CONNECT USER SA
DELETE FROM PRODUTO WHERE ID=133
DISCONNECT
